[2025-09-29 02:58:08] Cultural Intelligence Service started
[2025-09-29 02:58:08] Scanner Script: E:\#GITHUB-REPOS\electronic-music-taxonomy-db\cultural_intelligence_scanner.py
[2025-09-29 02:58:08] Check Interval: 3600 seconds
[2025-09-29 02:58:08] Starting scanner from directory: E:\#GITHUB-REPOS\electronic-music-taxonomy-db
[2025-09-29 02:58:08] Scanner process started with PID: 6780
[2025-09-29 03:58:13] Performing hourly health check...
[2025-09-29 03:58:13] Scanner process is not running - restarting...
[2025-09-29 03:58:13] Starting scanner from directory: E:\#GITHUB-REPOS\electronic-music-taxonomy-db
[2025-09-29 03:58:13] Scanner process started with PID: 14892
[2025-09-29 04:58:18] Performing hourly health check...
[2025-09-29 04:58:18] Scanner process is not running - restarting...
[2025-09-29 04:58:18] Starting scanner from directory: E:\#GITHUB-REPOS\electronic-music-taxonomy-db
[2025-09-29 04:58:18] Scanner process started with PID: 17848
[2025-09-29 05:58:23] Performing hourly health check...
[2025-09-29 05:58:23] Scanner process is not running - restarting...
[2025-09-29 05:58:23] Starting scanner from directory: E:\#GITHUB-REPOS\electronic-music-taxonomy-db
[2025-09-29 05:58:23] Scanner process started with PID: 15408
[2025-09-29 06:58:28] Performing hourly health check...
[2025-09-29 06:58:28] Scanner process is not running - restarting...
[2025-09-29 06:58:28] Starting scanner from directory: E:\#GITHUB-REPOS\electronic-music-taxonomy-db
[2025-09-29 06:58:28] Scanner process started with PID: 20108
[2025-09-29 07:58:33] Performing hourly health check...
[2025-09-29 07:58:33] Scanner process is not running - restarting...
[2025-09-29 07:58:33] Starting scanner from directory: E:\#GITHUB-REPOS\electronic-music-taxonomy-db
[2025-09-29 07:58:33] Scanner process started with PID: 21652
[2025-09-29 08:58:38] Performing hourly health check...
[2025-09-29 08:58:38] Scanner process is not running - restarting...
[2025-09-29 08:58:38] Starting scanner from directory: E:\#GITHUB-REPOS\electronic-music-taxonomy-db
[2025-09-29 08:58:38] Scanner process started with PID: 6992
[2025-09-29 09:58:43] Performing hourly health check...
[2025-09-29 09:58:43] Scanner process is not running - restarting...
[2025-09-29 09:58:43] Starting scanner from directory: E:\#GITHUB-REPOS\electronic-music-taxonomy-db
[2025-09-29 09:58:43] Scanner process started with PID: 18216
[2025-09-29 10:58:48] Performing hourly health check...
[2025-09-29 10:58:48] Scanner process is not running - restarting...
[2025-09-29 10:58:48] Starting scanner from directory: E:\#GITHUB-REPOS\electronic-music-taxonomy-db
[2025-09-29 10:58:48] Scanner process started with PID: 21880
[2025-09-29 11:58:53] Performing hourly health check...
[2025-09-29 11:58:53] Scanner process is not running - restarting...
[2025-09-29 11:58:53] Starting scanner from directory: E:\#GITHUB-REPOS\electronic-music-taxonomy-db
[2025-09-29 11:58:53] Scanner process started with PID: 17704
[2025-09-29 12:58:58] Performing hourly health check...
[2025-09-29 12:58:58] Scanner process is not running - restarting...
[2025-09-29 12:58:58] Starting scanner from directory: E:\#GITHUB-REPOS\electronic-music-taxonomy-db
[2025-09-29 12:58:58] Scanner process started with PID: 15408
[2025-09-29 13:59:03] Performing hourly health check...
[2025-09-29 13:59:03] Scanner process is not running - restarting...
[2025-09-29 13:59:03] Starting scanner from directory: E:\#GITHUB-REPOS\electronic-music-taxonomy-db
[2025-09-29 13:59:03] Scanner process started with PID: 15832
[2025-09-29 14:59:08] Performing hourly health check...
[2025-09-29 14:59:08] Scanner process is not running - restarting...
[2025-09-29 14:59:08] Starting scanner from directory: E:\#GITHUB-REPOS\electronic-music-taxonomy-db
[2025-09-29 14:59:08] Scanner process started with PID: 20020
[2025-09-29 15:59:13] Performing hourly health check...
[2025-09-29 15:59:13] Scanner process is not running - restarting...
[2025-09-29 15:59:13] Starting scanner from directory: E:\#GITHUB-REPOS\electronic-music-taxonomy-db
[2025-09-29 15:59:13] Scanner process started with PID: 20984
[2025-09-29 16:59:18] Performing hourly health check...
[2025-09-29 16:59:18] Scanner process is not running - restarting...
[2025-09-29 16:59:18] Starting scanner from directory: E:\#GITHUB-REPOS\electronic-music-taxonomy-db
[2025-09-29 16:59:18] Scanner process started with PID: 21568
[2025-09-29 17:59:23] Performing hourly health check...
[2025-09-29 17:59:23] Scanner process is not running - restarting...
[2025-09-29 17:59:23] Starting scanner from directory: E:\#GITHUB-REPOS\electronic-music-taxonomy-db
[2025-09-29 17:59:23] Scanner process started with PID: 9092
[2025-09-29 18:59:28] Performing hourly health check...
[2025-09-29 18:59:28] Scanner process is not running - restarting...
[2025-09-29 18:59:28] Starting scanner from directory: E:\#GITHUB-REPOS\electronic-music-taxonomy-db
[2025-09-29 18:59:28] Scanner process started with PID: 4436
[2025-09-29 19:59:34] Performing hourly health check...
[2025-09-29 19:59:34] Scanner process is not running - restarting...
[2025-09-29 19:59:34] Starting scanner from directory: E:\#GITHUB-REPOS\electronic-music-taxonomy-db
[2025-09-29 19:59:34] Scanner process started with PID: 5332
[2025-09-29 20:59:39] Performing hourly health check...
[2025-09-29 20:59:39] Scanner process is not running - restarting...
[2025-09-29 20:59:39] Starting scanner from directory: E:\#GITHUB-REPOS\electronic-music-taxonomy-db
[2025-09-29 20:59:39] Scanner process started with PID: 20884
[2025-09-29 21:59:44] Performing hourly health check...
[2025-09-29 21:59:44] Scanner process is not running - restarting...
[2025-09-29 21:59:44] Starting scanner from directory: E:\#GITHUB-REPOS\electronic-music-taxonomy-db
[2025-09-29 21:59:44] Scanner process started with PID: 6716
[2025-09-29 22:59:49] Performing hourly health check...
[2025-09-29 22:59:49] Scanner process is not running - restarting...
[2025-09-29 22:59:49] Starting scanner from directory: E:\#GITHUB-REPOS\electronic-music-taxonomy-db
[2025-09-29 22:59:49] Scanner process started with PID: 4308
[2025-09-29 23:59:54] Performing hourly health check...
[2025-09-29 23:59:54] Scanner process is not running - restarting...
[2025-09-29 23:59:54] Starting scanner from directory: E:\#GITHUB-REPOS\electronic-music-taxonomy-db
[2025-09-29 23:59:54] Scanner process started with PID: 21892
[2025-09-30 00:59:59] Performing hourly health check...
[2025-09-30 00:59:59] Scanner process is not running - restarting...
[2025-09-30 00:59:59] Starting scanner from directory: E:\#GITHUB-REPOS\electronic-music-taxonomy-db
[2025-09-30 00:59:59] Scanner process started with PID: 18340
[2025-09-30 02:00:04] Performing hourly health check...
[2025-09-30 02:00:04] Scanner process is not running - restarting...
[2025-09-30 02:00:04] Starting scanner from directory: E:\#GITHUB-REPOS\electronic-music-taxonomy-db
[2025-09-30 02:00:04] Scanner process started with PID: 14612
[2025-09-30 03:00:09] Performing hourly health check...
[2025-09-30 03:00:09] Scanner process is not running - restarting...
[2025-09-30 03:00:09] Starting scanner from directory: E:\#GITHUB-REPOS\electronic-music-taxonomy-db
[2025-09-30 03:00:09] Scanner process started with PID: 8652
[2025-09-30 04:00:14] Performing hourly health check...
[2025-09-30 04:00:14] Scanner process is not running - restarting...
[2025-09-30 04:00:14] Starting scanner from directory: E:\#GITHUB-REPOS\electronic-music-taxonomy-db
[2025-09-30 04:00:14] Scanner process started with PID: 7276
[2025-09-30 05:00:19] Performing hourly health check...
[2025-09-30 05:00:19] Scanner process is not running - restarting...
[2025-09-30 05:00:19] Starting scanner from directory: E:\#GITHUB-REPOS\electronic-music-taxonomy-db
[2025-09-30 05:00:19] Scanner process started with PID: 19788
[2025-09-30 06:00:24] Performing hourly health check...
[2025-09-30 06:00:24] Scanner process is not running - restarting...
[2025-09-30 06:00:24] Starting scanner from directory: E:\#GITHUB-REPOS\electronic-music-taxonomy-db
[2025-09-30 06:00:24] Scanner process started with PID: 1324
[2025-09-30 07:00:29] Performing hourly health check...
[2025-09-30 07:00:29] Scanner process is not running - restarting...
[2025-09-30 07:00:29] Starting scanner from directory: E:\#GITHUB-REPOS\electronic-music-taxonomy-db
[2025-09-30 07:00:29] Scanner process started with PID: 16248
[2025-09-30 08:00:34] Performing hourly health check...
[2025-09-30 08:00:34] Scanner process is not running - restarting...
[2025-09-30 08:00:34] Starting scanner from directory: E:\#GITHUB-REPOS\electronic-music-taxonomy-db
[2025-09-30 08:00:34] Scanner process started with PID: 9340
[2025-09-30 09:00:39] Performing hourly health check...
[2025-09-30 09:00:39] Scanner process is not running - restarting...
[2025-09-30 09:00:39] Starting scanner from directory: E:\#GITHUB-REPOS\electronic-music-taxonomy-db
[2025-09-30 09:00:39] Scanner process started with PID: 18852
[2025-09-30 10:00:44] Performing hourly health check...
[2025-09-30 10:00:44] Scanner process is not running - restarting...
[2025-09-30 10:00:44] Starting scanner from directory: E:\#GITHUB-REPOS\electronic-music-taxonomy-db
[2025-09-30 10:00:44] Scanner process started with PID: 11864
[2025-09-30 11:00:49] Performing hourly health check...
[2025-09-30 11:00:49] Scanner process is not running - restarting...
[2025-09-30 11:00:49] Starting scanner from directory: E:\#GITHUB-REPOS\electronic-music-taxonomy-db
[2025-09-30 11:00:49] Scanner process started with PID: 20688
[2025-09-30 12:00:54] Performing hourly health check...
[2025-09-30 12:00:54] Scanner process is not running - restarting...
[2025-09-30 12:00:54] Starting scanner from directory: E:\#GITHUB-REPOS\electronic-music-taxonomy-db
[2025-09-30 12:00:54] Scanner process started with PID: 14748
[2025-09-30 13:00:59] Performing hourly health check...
[2025-09-30 13:00:59] Scanner process is not running - restarting...
[2025-09-30 13:00:59] Starting scanner from directory: E:\#GITHUB-REPOS\electronic-music-taxonomy-db
[2025-09-30 13:00:59] Scanner process started with PID: 2204
[2025-09-30 14:01:04] Performing hourly health check...
[2025-09-30 14:01:04] Scanner process is not running - restarting...
[2025-09-30 14:01:04] Starting scanner from directory: E:\#GITHUB-REPOS\electronic-music-taxonomy-db
[2025-09-30 14:01:04] Scanner process started with PID: 17356
[2025-09-30 15:01:09] Performing hourly health check...
[2025-09-30 15:01:09] Scanner process is not running - restarting...
[2025-09-30 15:01:09] Starting scanner from directory: E:\#GITHUB-REPOS\electronic-music-taxonomy-db
[2025-09-30 15:01:10] Scanner process started with PID: 20748
[2025-09-30 16:01:15] Performing hourly health check...
[2025-09-30 16:01:15] Scanner process is not running - restarting...
[2025-09-30 16:01:15] Starting scanner from directory: E:\#GITHUB-REPOS\electronic-music-taxonomy-db
[2025-09-30 16:01:15] Scanner process started with PID: 21060
[2025-09-30 17:01:20] Performing hourly health check...
[2025-09-30 17:01:20] Scanner process is not running - restarting...
[2025-09-30 17:01:20] Starting scanner from directory: E:\#GITHUB-REPOS\electronic-music-taxonomy-db
[2025-09-30 17:01:20] Scanner process started with PID: 16796
[2025-09-30 18:01:25] Performing hourly health check...
[2025-09-30 18:01:25] Scanner process is not running - restarting...
[2025-09-30 18:01:25] Starting scanner from directory: E:\#GITHUB-REPOS\electronic-music-taxonomy-db
[2025-09-30 18:01:25] Scanner process started with PID: 18072
[2025-09-30 19:01:30] Performing hourly health check...
[2025-09-30 19:01:30] Scanner process is not running - restarting...
[2025-09-30 19:01:30] Starting scanner from directory: E:\#GITHUB-REPOS\electronic-music-taxonomy-db
[2025-09-30 19:01:30] Scanner process started with PID: 19532
[2025-09-30 20:01:35] Performing hourly health check...
[2025-09-30 20:01:35] Scanner process is not running - restarting...
[2025-09-30 20:01:35] Starting scanner from directory: E:\#GITHUB-REPOS\electronic-music-taxonomy-db
[2025-09-30 20:01:35] Scanner process started with PID: 20220
[2025-09-30 21:01:40] Performing hourly health check...
[2025-09-30 21:01:40] Scanner process is not running - restarting...
[2025-09-30 21:01:40] Starting scanner from directory: E:\#GITHUB-REPOS\electronic-music-taxonomy-db
[2025-09-30 21:01:40] Scanner process started with PID: 21416
[2025-09-30 22:01:45] Performing hourly health check...
[2025-09-30 22:01:45] Scanner process is not running - restarting...
[2025-09-30 22:01:45] Starting scanner from directory: E:\#GITHUB-REPOS\electronic-music-taxonomy-db
[2025-09-30 22:01:45] Scanner process started with PID: 1456
[2025-09-30 23:01:50] Performing hourly health check...
[2025-09-30 23:01:50] Scanner process is not running - restarting...
[2025-09-30 23:01:50] Starting scanner from directory: E:\#GITHUB-REPOS\electronic-music-taxonomy-db
[2025-09-30 23:01:50] Scanner process started with PID: 3556
[2025-10-01 00:01:55] Performing hourly health check...
[2025-10-01 00:01:55] Scanner process is not running - restarting...
[2025-10-01 00:01:55] Starting scanner from directory: E:\#GITHUB-REPOS\electronic-music-taxonomy-db
[2025-10-01 00:01:55] Scanner process started with PID: 17420
[2025-10-01 01:02:00] Performing hourly health check...
[2025-10-01 01:02:00] Scanner process is not running - restarting...
[2025-10-01 01:02:00] Starting scanner from directory: E:\#GITHUB-REPOS\electronic-music-taxonomy-db
[2025-10-01 01:02:00] Scanner process started with PID: 11448
[2025-10-01 02:02:05] Performing hourly health check...
[2025-10-01 02:02:05] Scanner process is not running - restarting...
[2025-10-01 02:02:05] Starting scanner from directory: E:\#GITHUB-REPOS\electronic-music-taxonomy-db
[2025-10-01 02:02:05] Scanner process started with PID: 19928
[2025-10-01 03:02:10] Performing hourly health check...
[2025-10-01 03:02:10] Scanner process is not running - restarting...
[2025-10-01 03:02:10] Starting scanner from directory: E:\#GITHUB-REPOS\electronic-music-taxonomy-db
[2025-10-01 03:02:10] Scanner process started with PID: 17636
[2025-10-01 04:02:15] Performing hourly health check...
[2025-10-01 04:02:15] Scanner process is not running - restarting...
[2025-10-01 04:02:15] Starting scanner from directory: E:\#GITHUB-REPOS\electronic-music-taxonomy-db
[2025-10-01 04:02:15] Scanner process started with PID: 2788
[2025-10-01 05:02:20] Performing hourly health check...
[2025-10-01 05:02:20] Scanner process is not running - restarting...
[2025-10-01 05:02:20] Starting scanner from directory: E:\#GITHUB-REPOS\electronic-music-taxonomy-db
[2025-10-01 05:02:20] Scanner process started with PID: 636
[2025-10-01 06:02:25] Performing hourly health check...
[2025-10-01 06:02:25] Scanner process is not running - restarting...
[2025-10-01 06:02:25] Starting scanner from directory: E:\#GITHUB-REPOS\electronic-music-taxonomy-db
[2025-10-01 06:02:25] Scanner process started with PID: 14520
